<?xml version="1.0" encoding="UTF-8"?>
<testsuite xmlns:xsi="http://www.w3.org/2001/XMLSchema-instance" xsi:noNamespaceSchemaLocation="https://maven.apache.org/surefire/maven-surefire-plugin/xsd/surefire-test-report.xsd" name="pro.foundev.AppTest" time="0.034" tests="1" errors="0" skipped="0" failures="0">
  <properties>
    <property name="gopherProxySet" value="false"/>
    <property name="awt.toolkit" value="sun.lwawt.macosx.LWCToolkit"/>
    <property name="file.encoding.pkg" value="sun.io"/>
    <property name="java.specification.version" value="1.8"/>
    <property name="sun.cpu.isalist" value=""/>
    <property name="sun.jnu.encoding" value="UTF-8"/>
    <property name="java.class.path" value="/Users/ryansvihla/code/simple_cassandra_load_test/java/simple-cassandra-stress/target/test-classes:/Users/ryansvihla/code/simple_cassandra_load_test/java/simple-cassandra-stress/target/classes:/Users/ryansvihla/.m2/repository/junit/junit/4.11/junit-4.11.jar:/Users/ryansvihla/.m2/repository/org/hamcrest/hamcrest-core/1.3/hamcrest-core-1.3.jar:/Users/ryansvihla/.m2/repository/com/datastax/oss/java-driver-core/4.4.0/java-driver-core-4.4.0.jar:/Users/ryansvihla/.m2/repository/com/datastax/oss/native-protocol/1.4.8/native-protocol-1.4.8.jar:/Users/ryansvihla/.m2/repository/io/netty/netty-handler/4.1.39.Final/netty-handler-4.1.39.Final.jar:/Users/ryansvihla/.m2/repository/io/netty/netty-common/4.1.39.Final/netty-common-4.1.39.Final.jar:/Users/ryansvihla/.m2/repository/io/netty/netty-buffer/4.1.39.Final/netty-buffer-4.1.39.Final.jar:/Users/ryansvihla/.m2/repository/io/netty/netty-transport/4.1.39.Final/netty-transport-4.1.39.Final.jar:/Users/ryansvihla/.m2/repository/io/netty/netty-resolver/4.1.39.Final/netty-resolver-4.1.39.Final.jar:/Users/ryansvihla/.m2/repository/io/netty/netty-codec/4.1.39.Final/netty-codec-4.1.39.Final.jar:/Users/ryansvihla/.m2/repository/com/datastax/oss/java-driver-shaded-guava/25.1-jre/java-driver-shaded-guava-25.1-jre.jar:/Users/ryansvihla/.m2/repository/com/typesafe/config/1.3.4/config-1.3.4.jar:/Users/ryansvihla/.m2/repository/com/github/jnr/jnr-ffi/2.1.10/jnr-ffi-2.1.10.jar:/Users/ryansvihla/.m2/repository/com/github/jnr/jffi/1.2.19/jffi-1.2.19.jar:/Users/ryansvihla/.m2/repository/com/github/jnr/jffi/1.2.19/jffi-1.2.19-native.jar:/Users/ryansvihla/.m2/repository/org/ow2/asm/asm/7.1/asm-7.1.jar:/Users/ryansvihla/.m2/repository/org/ow2/asm/asm-commons/7.1/asm-commons-7.1.jar:/Users/ryansvihla/.m2/repository/org/ow2/asm/asm-analysis/7.1/asm-analysis-7.1.jar:/Users/ryansvihla/.m2/repository/org/ow2/asm/asm-tree/7.1/asm-tree-7.1.jar:/Users/ryansvihla/.m2/repository/org/ow2/asm/asm-util/7.1/asm-util-7.1.jar:/Users/ryansvihla/.m2/repository/com/github/jnr/jnr-a64asm/1.0.0/jnr-a64asm-1.0.0.jar:/Users/ryansvihla/.m2/repository/com/github/jnr/jnr-x86asm/1.0.2/jnr-x86asm-1.0.2.jar:/Users/ryansvihla/.m2/repository/com/github/jnr/jnr-posix/3.0.50/jnr-posix-3.0.50.jar:/Users/ryansvihla/.m2/repository/com/github/jnr/jnr-constants/0.9.12/jnr-constants-0.9.12.jar:/Users/ryansvihla/.m2/repository/org/slf4j/slf4j-api/1.7.26/slf4j-api-1.7.26.jar:/Users/ryansvihla/.m2/repository/io/dropwizard/metrics/metrics-core/4.0.5/metrics-core-4.0.5.jar:/Users/ryansvihla/.m2/repository/org/hdrhistogram/HdrHistogram/2.1.11/HdrHistogram-2.1.11.jar:/Users/ryansvihla/.m2/repository/com/esri/geometry/esri-geometry-api/1.2.1/esri-geometry-api-1.2.1.jar:/Users/ryansvihla/.m2/repository/org/json/json/20090211/json-20090211.jar:/Users/ryansvihla/.m2/repository/org/codehaus/jackson/jackson-core-asl/1.9.12/jackson-core-asl-1.9.12.jar:/Users/ryansvihla/.m2/repository/org/apache/tinkerpop/gremlin-core/3.3.3/gremlin-core-3.3.3.jar:/Users/ryansvihla/.m2/repository/org/apache/tinkerpop/gremlin-shaded/3.3.3/gremlin-shaded-3.3.3.jar:/Users/ryansvihla/.m2/repository/commons-configuration/commons-configuration/1.10/commons-configuration-1.10.jar:/Users/ryansvihla/.m2/repository/commons-lang/commons-lang/2.6/commons-lang-2.6.jar:/Users/ryansvihla/.m2/repository/commons-collections/commons-collections/3.2.2/commons-collections-3.2.2.jar:/Users/ryansvihla/.m2/repository/org/yaml/snakeyaml/1.15/snakeyaml-1.15.jar:/Users/ryansvihla/.m2/repository/org/javatuples/javatuples/1.2/javatuples-1.2.jar:/Users/ryansvihla/.m2/repository/com/carrotsearch/hppc/0.7.1/hppc-0.7.1.jar:/Users/ryansvihla/.m2/repository/com/jcabi/jcabi-manifests/1.1/jcabi-manifests-1.1.jar:/Users/ryansvihla/.m2/repository/com/jcabi/jcabi-log/0.14/jcabi-log-0.14.jar:/Users/ryansvihla/.m2/repository/com/squareup/javapoet/1.8.0/javapoet-1.8.0.jar:/Users/ryansvihla/.m2/repository/net/objecthunter/exp4j/0.4.8/exp4j-0.4.8.jar:/Users/ryansvihla/.m2/repository/org/slf4j/jcl-over-slf4j/1.7.21/jcl-over-slf4j-1.7.21.jar:/Users/ryansvihla/.m2/repository/org/apache/tinkerpop/tinkergraph-gremlin/3.3.3/tinkergraph-gremlin-3.3.3.jar:/Users/ryansvihla/.m2/repository/com/fasterxml/jackson/core/jackson-core/2.10.0/jackson-core-2.10.0.jar:/Users/ryansvihla/.m2/repository/com/fasterxml/jackson/core/jackson-databind/2.10.0/jackson-databind-2.10.0.jar:/Users/ryansvihla/.m2/repository/com/fasterxml/jackson/core/jackson-annotations/2.10.0/jackson-annotations-2.10.0.jar:/Users/ryansvihla/.m2/repository/org/reactivestreams/reactive-streams/1.0.2/reactive-streams-1.0.2.jar:/Users/ryansvihla/.m2/repository/com/github/stephenc/jcip/jcip-annotations/1.0-1/jcip-annotations-1.0-1.jar:/Users/ryansvihla/.m2/repository/com/github/spotbugs/spotbugs-annotations/3.1.12/spotbugs-annotations-3.1.12.jar:/Users/ryansvihla/.m2/repository/com/google/code/findbugs/jsr305/3.0.2/jsr305-3.0.2.jar:/Users/ryansvihla/.m2/repository/com/github/javafaker/javafaker/1.0.1/javafaker-1.0.1.jar:/Users/ryansvihla/.m2/repository/org/apache/commons/commons-lang3/3.5/commons-lang3-3.5.jar:/Users/ryansvihla/.m2/repository/org/yaml/snakeyaml/1.23/snakeyaml-1.23-android.jar:/Users/ryansvihla/.m2/repository/com/github/mifmif/generex/1.0.2/generex-1.0.2.jar:/Users/ryansvihla/.m2/repository/dk/brics/automaton/automaton/1.11-8/automaton-1.11-8.jar:"/>
    <property name="java.vm.vendor" value="AdoptOpenJDK"/>
    <property name="sun.arch.data.model" value="64"/>
    <property name="java.vendor.url" value="http://java.oracle.com/"/>
    <property name="user.timezone" value=""/>
    <property name="java.vm.specification.version" value="1.8"/>
    <property name="os.name" value="Mac OS X"/>
    <property name="user.country" value="FR"/>
    <property name="sun.java.launcher" value="SUN_STANDARD"/>
    <property name="sun.boot.library.path" value="/Library/Java/JavaVirtualMachines/adoptopenjdk-8.jdk/Contents/Home/jre/lib"/>
    <property name="sun.java.command" value="/Users/ryansvihla/code/simple_cassandra_load_test/java/simple-cassandra-stress/target/surefire/surefirebooter332633238682895198.jar /Users/ryansvihla/code/simple_cassandra_load_test/java/simple-cassandra-stress/target/surefire 2020-02-04T12-19-17_647-jvmRun1 surefire2805784781408104812tmp surefire_03868712450985174963tmp"/>
    <property name="http.nonProxyHosts" value="local|*.local|169.254/16|*.169.254/16"/>
    <property name="surefire.test.class.path" value="/Users/ryansvihla/code/simple_cassandra_load_test/java/simple-cassandra-stress/target/test-classes:/Users/ryansvihla/code/simple_cassandra_load_test/java/simple-cassandra-stress/target/classes:/Users/ryansvihla/.m2/repository/junit/junit/4.11/junit-4.11.jar:/Users/ryansvihla/.m2/repository/org/hamcrest/hamcrest-core/1.3/hamcrest-core-1.3.jar:/Users/ryansvihla/.m2/repository/com/datastax/oss/java-driver-core/4.4.0/java-driver-core-4.4.0.jar:/Users/ryansvihla/.m2/repository/com/datastax/oss/native-protocol/1.4.8/native-protocol-1.4.8.jar:/Users/ryansvihla/.m2/repository/io/netty/netty-handler/4.1.39.Final/netty-handler-4.1.39.Final.jar:/Users/ryansvihla/.m2/repository/io/netty/netty-common/4.1.39.Final/netty-common-4.1.39.Final.jar:/Users/ryansvihla/.m2/repository/io/netty/netty-buffer/4.1.39.Final/netty-buffer-4.1.39.Final.jar:/Users/ryansvihla/.m2/repository/io/netty/netty-transport/4.1.39.Final/netty-transport-4.1.39.Final.jar:/Users/ryansvihla/.m2/repository/io/netty/netty-resolver/4.1.39.Final/netty-resolver-4.1.39.Final.jar:/Users/ryansvihla/.m2/repository/io/netty/netty-codec/4.1.39.Final/netty-codec-4.1.39.Final.jar:/Users/ryansvihla/.m2/repository/com/datastax/oss/java-driver-shaded-guava/25.1-jre/java-driver-shaded-guava-25.1-jre.jar:/Users/ryansvihla/.m2/repository/com/typesafe/config/1.3.4/config-1.3.4.jar:/Users/ryansvihla/.m2/repository/com/github/jnr/jnr-ffi/2.1.10/jnr-ffi-2.1.10.jar:/Users/ryansvihla/.m2/repository/com/github/jnr/jffi/1.2.19/jffi-1.2.19.jar:/Users/ryansvihla/.m2/repository/com/github/jnr/jffi/1.2.19/jffi-1.2.19-native.jar:/Users/ryansvihla/.m2/repository/org/ow2/asm/asm/7.1/asm-7.1.jar:/Users/ryansvihla/.m2/repository/org/ow2/asm/asm-commons/7.1/asm-commons-7.1.jar:/Users/ryansvihla/.m2/repository/org/ow2/asm/asm-analysis/7.1/asm-analysis-7.1.jar:/Users/ryansvihla/.m2/repository/org/ow2/asm/asm-tree/7.1/asm-tree-7.1.jar:/Users/ryansvihla/.m2/repository/org/ow2/asm/asm-util/7.1/asm-util-7.1.jar:/Users/ryansvihla/.m2/repository/com/github/jnr/jnr-a64asm/1.0.0/jnr-a64asm-1.0.0.jar:/Users/ryansvihla/.m2/repository/com/github/jnr/jnr-x86asm/1.0.2/jnr-x86asm-1.0.2.jar:/Users/ryansvihla/.m2/repository/com/github/jnr/jnr-posix/3.0.50/jnr-posix-3.0.50.jar:/Users/ryansvihla/.m2/repository/com/github/jnr/jnr-constants/0.9.12/jnr-constants-0.9.12.jar:/Users/ryansvihla/.m2/repository/org/slf4j/slf4j-api/1.7.26/slf4j-api-1.7.26.jar:/Users/ryansvihla/.m2/repository/io/dropwizard/metrics/metrics-core/4.0.5/metrics-core-4.0.5.jar:/Users/ryansvihla/.m2/repository/org/hdrhistogram/HdrHistogram/2.1.11/HdrHistogram-2.1.11.jar:/Users/ryansvihla/.m2/repository/com/esri/geometry/esri-geometry-api/1.2.1/esri-geometry-api-1.2.1.jar:/Users/ryansvihla/.m2/repository/org/json/json/20090211/json-20090211.jar:/Users/ryansvihla/.m2/repository/org/codehaus/jackson/jackson-core-asl/1.9.12/jackson-core-asl-1.9.12.jar:/Users/ryansvihla/.m2/repository/org/apache/tinkerpop/gremlin-core/3.3.3/gremlin-core-3.3.3.jar:/Users/ryansvihla/.m2/repository/org/apache/tinkerpop/gremlin-shaded/3.3.3/gremlin-shaded-3.3.3.jar:/Users/ryansvihla/.m2/repository/commons-configuration/commons-configuration/1.10/commons-configuration-1.10.jar:/Users/ryansvihla/.m2/repository/commons-lang/commons-lang/2.6/commons-lang-2.6.jar:/Users/ryansvihla/.m2/repository/commons-collections/commons-collections/3.2.2/commons-collections-3.2.2.jar:/Users/ryansvihla/.m2/repository/org/yaml/snakeyaml/1.15/snakeyaml-1.15.jar:/Users/ryansvihla/.m2/repository/org/javatuples/javatuples/1.2/javatuples-1.2.jar:/Users/ryansvihla/.m2/repository/com/carrotsearch/hppc/0.7.1/hppc-0.7.1.jar:/Users/ryansvihla/.m2/repository/com/jcabi/jcabi-manifests/1.1/jcabi-manifests-1.1.jar:/Users/ryansvihla/.m2/repository/com/jcabi/jcabi-log/0.14/jcabi-log-0.14.jar:/Users/ryansvihla/.m2/repository/com/squareup/javapoet/1.8.0/javapoet-1.8.0.jar:/Users/ryansvihla/.m2/repository/net/objecthunter/exp4j/0.4.8/exp4j-0.4.8.jar:/Users/ryansvihla/.m2/repository/org/slf4j/jcl-over-slf4j/1.7.21/jcl-over-slf4j-1.7.21.jar:/Users/ryansvihla/.m2/repository/org/apache/tinkerpop/tinkergraph-gremlin/3.3.3/tinkergraph-gremlin-3.3.3.jar:/Users/ryansvihla/.m2/repository/com/fasterxml/jackson/core/jackson-core/2.10.0/jackson-core-2.10.0.jar:/Users/ryansvihla/.m2/repository/com/fasterxml/jackson/core/jackson-databind/2.10.0/jackson-databind-2.10.0.jar:/Users/ryansvihla/.m2/repository/com/fasterxml/jackson/core/jackson-annotations/2.10.0/jackson-annotations-2.10.0.jar:/Users/ryansvihla/.m2/repository/org/reactivestreams/reactive-streams/1.0.2/reactive-streams-1.0.2.jar:/Users/ryansvihla/.m2/repository/com/github/stephenc/jcip/jcip-annotations/1.0-1/jcip-annotations-1.0-1.jar:/Users/ryansvihla/.m2/repository/com/github/spotbugs/spotbugs-annotations/3.1.12/spotbugs-annotations-3.1.12.jar:/Users/ryansvihla/.m2/repository/com/google/code/findbugs/jsr305/3.0.2/jsr305-3.0.2.jar:/Users/ryansvihla/.m2/repository/com/github/javafaker/javafaker/1.0.1/javafaker-1.0.1.jar:/Users/ryansvihla/.m2/repository/org/apache/commons/commons-lang3/3.5/commons-lang3-3.5.jar:/Users/ryansvihla/.m2/repository/org/yaml/snakeyaml/1.23/snakeyaml-1.23-android.jar:/Users/ryansvihla/.m2/repository/com/github/mifmif/generex/1.0.2/generex-1.0.2.jar:/Users/ryansvihla/.m2/repository/dk/brics/automaton/automaton/1.11-8/automaton-1.11-8.jar:"/>
    <property name="sun.cpu.endian" value="little"/>
    <property name="user.home" value="/Users/ryansvihla"/>
    <property name="user.language" value="en"/>
    <property name="java.specification.vendor" value="Oracle Corporation"/>
    <property name="java.home" value="/Library/Java/JavaVirtualMachines/adoptopenjdk-8.jdk/Contents/Home/jre"/>
    <property name="basedir" value="/Users/ryansvihla/code/simple_cassandra_load_test/java/simple-cassandra-stress"/>
    <property name="file.separator" value="/"/>
    <property name="line.separator" value="&#10;"/>
    <property name="java.vm.specification.vendor" value="Oracle Corporation"/>
    <property name="java.specification.name" value="Java Platform API Specification"/>
    <property name="java.awt.graphicsenv" value="sun.awt.CGraphicsEnvironment"/>
    <property name="surefire.real.class.path" value="/Users/ryansvihla/code/simple_cassandra_load_test/java/simple-cassandra-stress/target/surefire/surefirebooter332633238682895198.jar"/>
    <property name="sun.boot.class.path" value="/Library/Java/JavaVirtualMachines/adoptopenjdk-8.jdk/Contents/Home/jre/lib/resources.jar:/Library/Java/JavaVirtualMachines/adoptopenjdk-8.jdk/Contents/Home/jre/lib/rt.jar:/Library/Java/JavaVirtualMachines/adoptopenjdk-8.jdk/Contents/Home/jre/lib/sunrsasign.jar:/Library/Java/JavaVirtualMachines/adoptopenjdk-8.jdk/Contents/Home/jre/lib/jsse.jar:/Library/Java/JavaVirtualMachines/adoptopenjdk-8.jdk/Contents/Home/jre/lib/jce.jar:/Library/Java/JavaVirtualMachines/adoptopenjdk-8.jdk/Contents/Home/jre/lib/charsets.jar:/Library/Java/JavaVirtualMachines/adoptopenjdk-8.jdk/Contents/Home/jre/lib/jfr.jar:/Library/Java/JavaVirtualMachines/adoptopenjdk-8.jdk/Contents/Home/jre/classes"/>
    <property name="sun.management.compiler" value="HotSpot 64-Bit Tiered Compilers"/>
    <property name="ftp.nonProxyHosts" value="local|*.local|169.254/16|*.169.254/16"/>
    <property name="java.runtime.version" value="1.8.0_242-b08"/>
    <property name="user.name" value="ryansvihla"/>
    <property name="path.separator" value=":"/>
    <property name="os.version" value="10.15.3"/>
    <property name="java.endorsed.dirs" value="/Library/Java/JavaVirtualMachines/adoptopenjdk-8.jdk/Contents/Home/jre/lib/endorsed"/>
    <property name="java.runtime.name" value="OpenJDK Runtime Environment"/>
    <property name="file.encoding" value="UTF-8"/>
    <property name="java.vm.name" value="OpenJDK 64-Bit Server VM"/>
    <property name="localRepository" value="/Users/ryansvihla/.m2/repository"/>
    <property name="java.vendor.url.bug" value="http://bugreport.sun.com/bugreport/"/>
    <property name="java.io.tmpdir" value="/var/folders/kg/yn92wczn1yxcqmkpvwpngn9r0000gn/T/"/>
    <property name="java.version" value="1.8.0_242"/>
    <property name="user.dir" value="/Users/ryansvihla/code/simple_cassandra_load_test/java/simple-cassandra-stress"/>
    <property name="os.arch" value="x86_64"/>
    <property name="java.vm.specification.name" value="Java Virtual Machine Specification"/>
    <property name="java.awt.printerjob" value="sun.lwawt.macosx.CPrinterJob"/>
    <property name="sun.os.patch.level" value="unknown"/>
    <property name="java.library.path" value="/Users/ryansvihla/Library/Java/Extensions:/Library/Java/Extensions:/Network/Library/Java/Extensions:/System/Library/Java/Extensions:/usr/lib/java:."/>
    <property name="java.vm.info" value="mixed mode"/>
    <property name="java.vendor" value="AdoptOpenJDK"/>
    <property name="java.vm.version" value="25.242-b08"/>
    <property name="java.ext.dirs" value="/Users/ryansvihla/Library/Java/Extensions:/Library/Java/JavaVirtualMachines/adoptopenjdk-8.jdk/Contents/Home/jre/lib/ext:/Library/Java/Extensions:/Network/Library/Java/Extensions:/System/Library/Java/Extensions:/usr/lib/java"/>
    <property name="sun.io.unicode.encoding" value="UnicodeBig"/>
    <property name="java.class.version" value="52.0"/>
    <property name="socksNonProxyHosts" value="local|*.local|169.254/16|*.169.254/16"/>
  </properties>
  <testcase name="shouldAnswerWithTrue" classname="pro.foundev.AppTest" time="0.001"/>
</testsuite>